INFO  2018-10-16 19:38:26,339 [restartedMain] org.springframework.boot.StartupInfoLogger.logStarting(StartupInfoLogger.java:48) - Starting YangBlogApplication on shengyang3 with PID 21368 (C:\Users\28953\git\yangBlog\target\classes started by 28953 in C:\Users\28953\git\yangBlog)
INFO  2018-10-16 19:38:26,340 [restartedMain] org.springframework.boot.SpringApplication.logStartupProfileInfo(SpringApplication.java:641) - The following profiles are active: default
INFO  2018-10-16 19:38:26,670 [restartedMain] org.springframework.context.support.AbstractApplicationContext.prepareRefresh(AbstractApplicationContext.java:582) - Refreshing org.springframework.boot.context.embedded.AnnotationConfigEmbeddedWebApplicationContext@2a3c400f: startup date [Tue Oct 16 19:38:26 CST 2018]; root of context hierarchy
INFO  2018-10-16 19:38:26,831 [background-preinit] org.hibernate.validator.internal.util.Version.<clinit>(Version.java:30) - HV000001: Hibernate Validator 5.3.4.Final
INFO  2018-10-16 19:38:28,372 [restartedMain] org.springframework.context.support.PostProcessorRegistrationDelegate$BeanPostProcessorChecker.postProcessAfterInitialization(PostProcessorRegistrationDelegate.java:325) - Bean 'org.springframework.boot.autoconfigure.validation.ValidationAutoConfiguration' of type [class org.springframework.boot.autoconfigure.validation.ValidationAutoConfiguration] is not eligible for getting processed by all BeanPostProcessors (for example: not eligible for auto-proxying)
INFO  2018-10-16 19:38:28,470 [restartedMain] org.springframework.context.support.PostProcessorRegistrationDelegate$BeanPostProcessorChecker.postProcessAfterInitialization(PostProcessorRegistrationDelegate.java:325) - Bean 'validator' of type [class org.springframework.validation.beanvalidation.LocalValidatorFactoryBean] is not eligible for getting processed by all BeanPostProcessors (for example: not eligible for auto-proxying)
INFO  2018-10-16 19:38:28,562 [restartedMain] org.springframework.context.support.PostProcessorRegistrationDelegate$BeanPostProcessorChecker.postProcessAfterInitialization(PostProcessorRegistrationDelegate.java:325) - Bean 'org.springframework.transaction.annotation.ProxyTransactionManagementConfiguration' of type [class org.springframework.transaction.annotation.ProxyTransactionManagementConfiguration$$EnhancerBySpringCGLIB$$e2d3b705] is not eligible for getting processed by all BeanPostProcessors (for example: not eligible for auto-proxying)
INFO  2018-10-16 19:38:29,531 [restartedMain] org.springframework.boot.context.embedded.tomcat.TomcatEmbeddedServletContainer.initialize(TomcatEmbeddedServletContainer.java:89) - Tomcat initialized with port(s): 8080 (http)
INFO  2018-10-16 19:38:29,772 [localhost-startStop-1] org.springframework.boot.context.embedded.EmbeddedWebApplicationContext.prepareEmbeddedWebApplicationContext(EmbeddedWebApplicationContext.java:276) - Root WebApplicationContext: initialization completed in 3105 ms
INFO  2018-10-16 19:38:30,071 [localhost-startStop-1] org.springframework.boot.web.servlet.ServletRegistrationBean.onStartup(ServletRegistrationBean.java:190) - Mapping servlet: 'dispatcherServlet' to [/]
INFO  2018-10-16 19:38:30,078 [localhost-startStop-1] org.springframework.boot.web.servlet.AbstractFilterRegistrationBean.configure(AbstractFilterRegistrationBean.java:258) - Mapping filter: 'characterEncodingFilter' to: [/*]
INFO  2018-10-16 19:38:30,078 [localhost-startStop-1] org.springframework.boot.web.servlet.AbstractFilterRegistrationBean.configure(AbstractFilterRegistrationBean.java:258) - Mapping filter: 'hiddenHttpMethodFilter' to: [/*]
INFO  2018-10-16 19:38:30,078 [localhost-startStop-1] org.springframework.boot.web.servlet.AbstractFilterRegistrationBean.configure(AbstractFilterRegistrationBean.java:258) - Mapping filter: 'httpPutFormContentFilter' to: [/*]
INFO  2018-10-16 19:38:30,078 [localhost-startStop-1] org.springframework.boot.web.servlet.AbstractFilterRegistrationBean.configure(AbstractFilterRegistrationBean.java:258) - Mapping filter: 'requestContextFilter' to: [/*]
INFO  2018-10-16 19:38:31,219 [restartedMain] com.alibaba.druid.pool.DruidDataSource.init(DruidDataSource.java:721) - {dataSource-1} inited
INFO  2018-10-16 19:38:32,731 [restartedMain] org.springframework.web.servlet.mvc.method.annotation.RequestMappingHandlerAdapter.initControllerAdviceCache(RequestMappingHandlerAdapter.java:534) - Looking for @ControllerAdvice: org.springframework.boot.context.embedded.AnnotationConfigEmbeddedWebApplicationContext@2a3c400f: startup date [Tue Oct 16 19:38:26 CST 2018]; root of context hierarchy
INFO  2018-10-16 19:38:32,832 [restartedMain] org.springframework.web.servlet.handler.AbstractHandlerMethodMapping$MappingRegistry.register(AbstractHandlerMethodMapping.java:543) - Mapped "{[/admin/article],methods=[GET]}" onto public java.lang.String com.yang.blog.website.controller.admin.ArticleController.index(int,int,javax.servlet.http.HttpServletRequest)
INFO  2018-10-16 19:38:32,833 [restartedMain] org.springframework.web.servlet.handler.AbstractHandlerMethodMapping$MappingRegistry.register(AbstractHandlerMethodMapping.java:543) - Mapped "{[/admin/article/delete]}" onto public com.yang.blog.website.model.Bo.RestResponseBo com.yang.blog.website.controller.admin.ArticleController.delete(int,javax.servlet.http.HttpServletRequest)
INFO  2018-10-16 19:38:32,834 [restartedMain] org.springframework.web.servlet.handler.AbstractHandlerMethodMapping$MappingRegistry.register(AbstractHandlerMethodMapping.java:543) - Mapped "{[/admin/article/{cid}],methods=[GET]}" onto public java.lang.String com.yang.blog.website.controller.admin.ArticleController.editArticle(java.lang.String,javax.servlet.http.HttpServletRequest)
INFO  2018-10-16 19:38:32,834 [restartedMain] org.springframework.web.servlet.handler.AbstractHandlerMethodMapping$MappingRegistry.register(AbstractHandlerMethodMapping.java:543) - Mapped "{[/admin/article/publish],methods=[POST]}" onto public com.yang.blog.website.model.Bo.RestResponseBo com.yang.blog.website.controller.admin.ArticleController.publishArticle(com.yang.blog.website.model.Vo.ContentVo,javax.servlet.http.HttpServletRequest)
INFO  2018-10-16 19:38:32,835 [restartedMain] org.springframework.web.servlet.handler.AbstractHandlerMethodMapping$MappingRegistry.register(AbstractHandlerMethodMapping.java:543) - Mapped "{[/admin/article/publish],methods=[GET]}" onto public java.lang.String com.yang.blog.website.controller.admin.ArticleController.newArticle(javax.servlet.http.HttpServletRequest)
INFO  2018-10-16 19:38:32,835 [restartedMain] org.springframework.web.servlet.handler.AbstractHandlerMethodMapping$MappingRegistry.register(AbstractHandlerMethodMapping.java:543) - Mapped "{[/admin/article/modify],methods=[POST]}" onto public com.yang.blog.website.model.Bo.RestResponseBo com.yang.blog.website.controller.admin.ArticleController.modifyArticle(com.yang.blog.website.model.Vo.ContentVo,javax.servlet.http.HttpServletRequest)
INFO  2018-10-16 19:38:32,836 [restartedMain] org.springframework.web.servlet.handler.AbstractHandlerMethodMapping$MappingRegistry.register(AbstractHandlerMethodMapping.java:543) - Mapped "{[/admin/attach],methods=[GET]}" onto public java.lang.String com.yang.blog.website.controller.admin.AttachController.index(javax.servlet.http.HttpServletRequest,int,int)
INFO  2018-10-16 19:38:32,836 [restartedMain] org.springframework.web.servlet.handler.AbstractHandlerMethodMapping$MappingRegistry.register(AbstractHandlerMethodMapping.java:543) - Mapped "{[/admin/attach/delete]}" onto public com.yang.blog.website.model.Bo.RestResponseBo com.yang.blog.website.controller.admin.AttachController.delete(java.lang.Integer,javax.servlet.http.HttpServletRequest)
INFO  2018-10-16 19:38:32,837 [restartedMain] org.springframework.web.servlet.handler.AbstractHandlerMethodMapping$MappingRegistry.register(AbstractHandlerMethodMapping.java:543) - Mapped "{[/admin/attach/upload],methods=[POST]}" onto public com.yang.blog.website.model.Bo.RestResponseBo com.yang.blog.website.controller.admin.AttachController.upload(javax.servlet.http.HttpServletRequest,org.springframework.web.multipart.MultipartFile[]) throws java.io.IOException
INFO  2018-10-16 19:38:32,839 [restartedMain] org.springframework.web.servlet.handler.AbstractHandlerMethodMapping$MappingRegistry.register(AbstractHandlerMethodMapping.java:543) - Mapped "{[/admin/logout]}" onto public void com.yang.blog.website.controller.admin.AuthController.logout(javax.servlet.http.HttpSession,javax.servlet.http.HttpServletResponse,org.apache.catalina.servlet4preview.http.HttpServletRequest)
INFO  2018-10-16 19:38:32,839 [restartedMain] org.springframework.web.servlet.handler.AbstractHandlerMethodMapping$MappingRegistry.register(AbstractHandlerMethodMapping.java:543) - Mapped "{[/admin/login],methods=[GET]}" onto public java.lang.String com.yang.blog.website.controller.admin.AuthController.login()
INFO  2018-10-16 19:38:32,839 [restartedMain] org.springframework.web.servlet.handler.AbstractHandlerMethodMapping$MappingRegistry.register(AbstractHandlerMethodMapping.java:543) - Mapped "{[/admin/login],methods=[POST]}" onto public com.yang.blog.website.model.Bo.RestResponseBo com.yang.blog.website.controller.admin.AuthController.doLogin(java.lang.String,java.lang.String,java.lang.String,org.apache.catalina.servlet4preview.http.HttpServletRequest,javax.servlet.http.HttpServletResponse)
INFO  2018-10-16 19:38:32,841 [restartedMain] org.springframework.web.servlet.handler.AbstractHandlerMethodMapping$MappingRegistry.register(AbstractHandlerMethodMapping.java:543) - Mapped "{[/admin/category],methods=[GET]}" onto public java.lang.String com.yang.blog.website.controller.admin.CategoryController.index(javax.servlet.http.HttpServletRequest)
INFO  2018-10-16 19:38:32,841 [restartedMain] org.springframework.web.servlet.handler.AbstractHandlerMethodMapping$MappingRegistry.register(AbstractHandlerMethodMapping.java:543) - Mapped "{[/admin/category/delete]}" onto public com.yang.blog.website.model.Bo.RestResponseBo com.yang.blog.website.controller.admin.CategoryController.delete(int)
INFO  2018-10-16 19:38:32,841 [restartedMain] org.springframework.web.servlet.handler.AbstractHandlerMethodMapping$MappingRegistry.register(AbstractHandlerMethodMapping.java:543) - Mapped "{[/admin/category/save],methods=[POST]}" onto public com.yang.blog.website.model.Bo.RestResponseBo com.yang.blog.website.controller.admin.CategoryController.saveCategory(java.lang.String,java.lang.Integer)
INFO  2018-10-16 19:38:32,844 [restartedMain] org.springframework.web.servlet.handler.AbstractHandlerMethodMapping$MappingRegistry.register(AbstractHandlerMethodMapping.java:543) - Mapped "{[/admin/comments],methods=[GET]}" onto public java.lang.String com.yang.blog.website.controller.admin.CommentController.index(int,int,javax.servlet.http.HttpServletRequest)
INFO  2018-10-16 19:38:32,845 [restartedMain] org.springframework.web.servlet.handler.AbstractHandlerMethodMapping$MappingRegistry.register(AbstractHandlerMethodMapping.java:543) - Mapped "{[/admin/comments/delete],methods=[POST]}" onto public com.yang.blog.website.model.Bo.RestResponseBo com.yang.blog.website.controller.admin.CommentController.delete(java.lang.Integer)
INFO  2018-10-16 19:38:32,845 [restartedMain] org.springframework.web.servlet.handler.AbstractHandlerMethodMapping$MappingRegistry.register(AbstractHandlerMethodMapping.java:543) - Mapped "{[/admin/comments/status],methods=[POST]}" onto public com.yang.blog.website.model.Bo.RestResponseBo com.yang.blog.website.controller.admin.CommentController.delete(java.lang.Integer,java.lang.String)
INFO  2018-10-16 19:38:32,848 [restartedMain] org.springframework.web.servlet.handler.AbstractHandlerMethodMapping$MappingRegistry.register(AbstractHandlerMethodMapping.java:543) - Mapped "{[/admin || /admin/index],methods=[GET]}" onto public java.lang.String com.yang.blog.website.controller.admin.IndexController.index(javax.servlet.http.HttpServletRequest)
INFO  2018-10-16 19:38:32,848 [restartedMain] org.springframework.web.servlet.handler.AbstractHandlerMethodMapping$MappingRegistry.register(AbstractHandlerMethodMapping.java:543) - Mapped "{[/admin/profile],methods=[GET]}" onto public java.lang.String com.yang.blog.website.controller.admin.IndexController.profile()
INFO  2018-10-16 19:38:32,849 [restartedMain] org.springframework.web.servlet.handler.AbstractHandlerMethodMapping$MappingRegistry.register(AbstractHandlerMethodMapping.java:543) - Mapped "{[/admin/profile],methods=[POST]}" onto public com.yang.blog.website.model.Bo.RestResponseBo com.yang.blog.website.controller.admin.IndexController.saveProfile(java.lang.String,java.lang.String,javax.servlet.http.HttpServletRequest,javax.servlet.http.HttpSession)
INFO  2018-10-16 19:38:32,849 [restartedMain] org.springframework.web.servlet.handler.AbstractHandlerMethodMapping$MappingRegistry.register(AbstractHandlerMethodMapping.java:543) - Mapped "{[/admin/password],methods=[POST]}" onto public com.yang.blog.website.model.Bo.RestResponseBo com.yang.blog.website.controller.admin.IndexController.upPwd(java.lang.String,java.lang.String,javax.servlet.http.HttpServletRequest,javax.servlet.http.HttpSession)
INFO  2018-10-16 19:38:32,851 [restartedMain] org.springframework.web.servlet.handler.AbstractHandlerMethodMapping$MappingRegistry.register(AbstractHandlerMethodMapping.java:543) - Mapped "{[/admin/links],methods=[GET]}" onto public java.lang.String com.yang.blog.website.controller.admin.LinksController.index(javax.servlet.http.HttpServletRequest)
INFO  2018-10-16 19:38:32,851 [restartedMain] org.springframework.web.servlet.handler.AbstractHandlerMethodMapping$MappingRegistry.register(AbstractHandlerMethodMapping.java:543) - Mapped "{[/admin/links/delete]}" onto public com.yang.blog.website.model.Bo.RestResponseBo com.yang.blog.website.controller.admin.LinksController.delete(int)
INFO  2018-10-16 19:38:32,852 [restartedMain] org.springframework.web.servlet.handler.AbstractHandlerMethodMapping$MappingRegistry.register(AbstractHandlerMethodMapping.java:543) - Mapped "{[/admin/links/save],methods=[POST]}" onto public com.yang.blog.website.model.Bo.RestResponseBo com.yang.blog.website.controller.admin.LinksController.saveLink(java.lang.String,java.lang.String,java.lang.String,java.lang.Integer,int)
INFO  2018-10-16 19:38:32,854 [restartedMain] org.springframework.web.servlet.handler.AbstractHandlerMethodMapping$MappingRegistry.register(AbstractHandlerMethodMapping.java:543) - Mapped "{[/admin/page],methods=[GET]}" onto public java.lang.String com.yang.blog.website.controller.admin.PageController.index(javax.servlet.http.HttpServletRequest)
INFO  2018-10-16 19:38:32,854 [restartedMain] org.springframework.web.servlet.handler.AbstractHandlerMethodMapping$MappingRegistry.register(AbstractHandlerMethodMapping.java:543) - Mapped "{[/admin/page/delete]}" onto public com.yang.blog.website.model.Bo.RestResponseBo com.yang.blog.website.controller.admin.PageController.delete(int,javax.servlet.http.HttpServletRequest)
INFO  2018-10-16 19:38:32,855 [restartedMain] org.springframework.web.servlet.handler.AbstractHandlerMethodMapping$MappingRegistry.register(AbstractHandlerMethodMapping.java:543) - Mapped "{[/admin/page/modify],methods=[POST]}" onto public com.yang.blog.website.model.Bo.RestResponseBo com.yang.blog.website.controller.admin.PageController.modifyArticle(java.lang.Integer,java.lang.String,java.lang.String,java.lang.String,java.lang.String,java.lang.Integer,java.lang.Integer,javax.servlet.http.HttpServletRequest)
INFO  2018-10-16 19:38:32,855 [restartedMain] org.springframework.web.servlet.handler.AbstractHandlerMethodMapping$MappingRegistry.register(AbstractHandlerMethodMapping.java:543) - Mapped "{[/admin/page/publish],methods=[POST]}" onto public com.yang.blog.website.model.Bo.RestResponseBo com.yang.blog.website.controller.admin.PageController.publishPage(java.lang.String,java.lang.String,java.lang.String,java.lang.String,java.lang.Integer,java.lang.Integer,javax.servlet.http.HttpServletRequest)
INFO  2018-10-16 19:38:32,855 [restartedMain] org.springframework.web.servlet.handler.AbstractHandlerMethodMapping$MappingRegistry.register(AbstractHandlerMethodMapping.java:543) - Mapped "{[/admin/page/new],methods=[GET]}" onto public java.lang.String com.yang.blog.website.controller.admin.PageController.newPage(javax.servlet.http.HttpServletRequest)
INFO  2018-10-16 19:38:32,856 [restartedMain] org.springframework.web.servlet.handler.AbstractHandlerMethodMapping$MappingRegistry.register(AbstractHandlerMethodMapping.java:543) - Mapped "{[/admin/page/{cid}],methods=[GET]}" onto public java.lang.String com.yang.blog.website.controller.admin.PageController.editPage(java.lang.String,javax.servlet.http.HttpServletRequest)
INFO  2018-10-16 19:38:32,857 [restartedMain] org.springframework.web.servlet.handler.AbstractHandlerMethodMapping$MappingRegistry.register(AbstractHandlerMethodMapping.java:543) - Mapped "{[/admin/setting/backup],methods=[POST]}" onto public com.yang.blog.website.model.Bo.RestResponseBo com.yang.blog.website.controller.admin.SettingController.backup(java.lang.String,java.lang.String,javax.servlet.http.HttpServletRequest)
INFO  2018-10-16 19:38:32,857 [restartedMain] org.springframework.web.servlet.handler.AbstractHandlerMethodMapping$MappingRegistry.register(AbstractHandlerMethodMapping.java:543) - Mapped "{[/admin/setting],methods=[GET]}" onto public java.lang.String com.yang.blog.website.controller.admin.SettingController.setting(javax.servlet.http.HttpServletRequest)
INFO  2018-10-16 19:38:32,858 [restartedMain] org.springframework.web.servlet.handler.AbstractHandlerMethodMapping$MappingRegistry.register(AbstractHandlerMethodMapping.java:543) - Mapped "{[/admin/setting],methods=[POST]}" onto public com.yang.blog.website.model.Bo.RestResponseBo com.yang.blog.website.controller.admin.SettingController.saveSetting(java.lang.String,javax.servlet.http.HttpServletRequest)
INFO  2018-10-16 19:38:32,863 [restartedMain] org.springframework.web.servlet.handler.AbstractHandlerMethodMapping$MappingRegistry.register(AbstractHandlerMethodMapping.java:543) - Mapped "{[/],methods=[GET]}" onto public java.lang.String com.yang.blog.website.controller.IndexController.index(javax.servlet.http.HttpServletRequest,int)
INFO  2018-10-16 19:38:32,864 [restartedMain] org.springframework.web.servlet.handler.AbstractHandlerMethodMapping$MappingRegistry.register(AbstractHandlerMethodMapping.java:543) - Mapped "{[/page/{p}],methods=[GET]}" onto public java.lang.String com.yang.blog.website.controller.IndexController.index(javax.servlet.http.HttpServletRequest,int,int)
INFO  2018-10-16 19:38:32,864 [restartedMain] org.springframework.web.servlet.handler.AbstractHandlerMethodMapping$MappingRegistry.register(AbstractHandlerMethodMapping.java:543) - Mapped "{[/search/{keyword}],methods=[GET]}" onto public java.lang.String com.yang.blog.website.controller.IndexController.search(javax.servlet.http.HttpServletRequest,java.lang.String,int)
INFO  2018-10-16 19:38:32,864 [restartedMain] org.springframework.web.servlet.handler.AbstractHandlerMethodMapping$MappingRegistry.register(AbstractHandlerMethodMapping.java:543) - Mapped "{[/search/{keyword}/{page}],methods=[GET]}" onto public java.lang.String com.yang.blog.website.controller.IndexController.search(javax.servlet.http.HttpServletRequest,java.lang.String,int,int)
INFO  2018-10-16 19:38:32,864 [restartedMain] org.springframework.web.servlet.handler.AbstractHandlerMethodMapping$MappingRegistry.register(AbstractHandlerMethodMapping.java:543) - Mapped "{[/comment],methods=[POST]}" onto public com.yang.blog.website.model.Bo.RestResponseBo com.yang.blog.website.controller.IndexController.comment(javax.servlet.http.HttpServletRequest,javax.servlet.http.HttpServletResponse,java.lang.Integer,java.lang.Integer,java.lang.String,java.lang.String,java.lang.String,java.lang.String,java.lang.String)
INFO  2018-10-16 19:38:32,865 [restartedMain] org.springframework.web.servlet.handler.AbstractHandlerMethodMapping$MappingRegistry.register(AbstractHandlerMethodMapping.java:543) - Mapped "{[/category/{keyword}/{page}],methods=[GET]}" onto public java.lang.String com.yang.blog.website.controller.IndexController.categories(javax.servlet.http.HttpServletRequest,java.lang.String,int,int)
INFO  2018-10-16 19:38:32,865 [restartedMain] org.springframework.web.servlet.handler.AbstractHandlerMethodMapping$MappingRegistry.register(AbstractHandlerMethodMapping.java:543) - Mapped "{[/category/{keyword}],methods=[GET]}" onto public java.lang.String com.yang.blog.website.controller.IndexController.categories(javax.servlet.http.HttpServletRequest,java.lang.String,int)
INFO  2018-10-16 19:38:32,865 [restartedMain] org.springframework.web.servlet.handler.AbstractHandlerMethodMapping$MappingRegistry.register(AbstractHandlerMethodMapping.java:543) - Mapped "{[/{pagename}],methods=[GET]}" onto public java.lang.String com.yang.blog.website.controller.IndexController.page(java.lang.String,javax.servlet.http.HttpServletRequest)
INFO  2018-10-16 19:38:32,865 [restartedMain] org.springframework.web.servlet.handler.AbstractHandlerMethodMapping$MappingRegistry.register(AbstractHandlerMethodMapping.java:543) - Mapped "{[/logout]}" onto public void com.yang.blog.website.controller.IndexController.logout(javax.servlet.http.HttpSession,javax.servlet.http.HttpServletResponse)
INFO  2018-10-16 19:38:32,866 [restartedMain] org.springframework.web.servlet.handler.AbstractHandlerMethodMapping$MappingRegistry.register(AbstractHandlerMethodMapping.java:543) - Mapped "{[/tag/{name}],methods=[GET]}" onto public java.lang.String com.yang.blog.website.controller.IndexController.tags(javax.servlet.http.HttpServletRequest,java.lang.String,int)
INFO  2018-10-16 19:38:32,866 [restartedMain] org.springframework.web.servlet.handler.AbstractHandlerMethodMapping$MappingRegistry.register(AbstractHandlerMethodMapping.java:543) - Mapped "{[/tag/{name}/{page}],methods=[GET]}" onto public java.lang.String com.yang.blog.website.controller.IndexController.tags(javax.servlet.http.HttpServletRequest,java.lang.String,int,int)
INFO  2018-10-16 19:38:32,866 [restartedMain] org.springframework.web.servlet.handler.AbstractHandlerMethodMapping$MappingRegistry.register(AbstractHandlerMethodMapping.java:543) - Mapped "{[/links],methods=[GET]}" onto public java.lang.String com.yang.blog.website.controller.IndexController.links(javax.servlet.http.HttpServletRequest)
INFO  2018-10-16 19:38:32,866 [restartedMain] org.springframework.web.servlet.handler.AbstractHandlerMethodMapping$MappingRegistry.register(AbstractHandlerMethodMapping.java:543) - Mapped "{[/article/{cid} || /article/{cid}.html],methods=[GET]}" onto public java.lang.String com.yang.blog.website.controller.IndexController.getArticle(javax.servlet.http.HttpServletRequest,java.lang.String)
INFO  2018-10-16 19:38:32,866 [restartedMain] org.springframework.web.servlet.handler.AbstractHandlerMethodMapping$MappingRegistry.register(AbstractHandlerMethodMapping.java:543) - Mapped "{[/article/{cid}/preview || /article/{cid}.html],methods=[GET]}" onto public java.lang.String com.yang.blog.website.controller.IndexController.articlePreview(javax.servlet.http.HttpServletRequest,java.lang.String)
INFO  2018-10-16 19:38:32,867 [restartedMain] org.springframework.web.servlet.handler.AbstractHandlerMethodMapping$MappingRegistry.register(AbstractHandlerMethodMapping.java:543) - Mapped "{[/archives],methods=[GET]}" onto public java.lang.String com.yang.blog.website.controller.IndexController.archives(javax.servlet.http.HttpServletRequest)
INFO  2018-10-16 19:38:32,868 [restartedMain] org.springframework.web.servlet.handler.AbstractHandlerMethodMapping$MappingRegistry.register(AbstractHandlerMethodMapping.java:543) - Mapped "{[/error]}" onto public org.springframework.http.ResponseEntity<java.util.Map<java.lang.String, java.lang.Object>> org.springframework.boot.autoconfigure.web.BasicErrorController.error(javax.servlet.http.HttpServletRequest)
INFO  2018-10-16 19:38:32,869 [restartedMain] org.springframework.web.servlet.handler.AbstractHandlerMethodMapping$MappingRegistry.register(AbstractHandlerMethodMapping.java:543) - Mapped "{[/error],produces=[text/html]}" onto public org.springframework.web.servlet.ModelAndView org.springframework.boot.autoconfigure.web.BasicErrorController.errorHtml(javax.servlet.http.HttpServletRequest,javax.servlet.http.HttpServletResponse)
INFO  2018-10-16 19:38:32,917 [restartedMain] org.springframework.web.servlet.handler.AbstractUrlHandlerMapping.registerHandler(AbstractUrlHandlerMapping.java:354) - Mapped URL path [/upload/**] onto handler of type [class org.springframework.web.servlet.resource.ResourceHttpRequestHandler]
INFO  2018-10-16 19:38:32,918 [restartedMain] org.springframework.web.servlet.handler.AbstractUrlHandlerMapping.registerHandler(AbstractUrlHandlerMapping.java:354) - Mapped URL path [/webjars/**] onto handler of type [class org.springframework.web.servlet.resource.ResourceHttpRequestHandler]
INFO  2018-10-16 19:38:32,918 [restartedMain] org.springframework.web.servlet.handler.AbstractUrlHandlerMapping.registerHandler(AbstractUrlHandlerMapping.java:354) - Mapped URL path [/**] onto handler of type [class org.springframework.web.servlet.resource.ResourceHttpRequestHandler]
INFO  2018-10-16 19:38:32,950 [restartedMain] org.springframework.web.servlet.mvc.method.annotation.ExceptionHandlerExceptionResolver.initExceptionHandlerAdviceCache(ExceptionHandlerExceptionResolver.java:273) - Detected @ExceptionHandler methods in globalExceptionHandler
INFO  2018-10-16 19:38:32,990 [restartedMain] org.springframework.web.servlet.handler.AbstractUrlHandlerMapping.registerHandler(AbstractUrlHandlerMapping.java:354) - Mapped URL path [/**/favicon.ico] onto handler of type [class org.springframework.web.servlet.resource.ResourceHttpRequestHandler]
INFO  2018-10-16 19:38:34,323 [restartedMain] org.springframework.boot.devtools.autoconfigure.OptionalLiveReloadServer.startServer(OptionalLiveReloadServer.java:58) - LiveReload server is running on port 35729
INFO  2018-10-16 19:38:34,375 [restartedMain] org.springframework.jmx.export.MBeanExporter.afterSingletonsInstantiated(MBeanExporter.java:431) - Registering beans for JMX exposure on startup
INFO  2018-10-16 19:38:34,376 [restartedMain] org.springframework.jmx.export.MBeanExporter.autodetect(MBeanExporter.java:916) - Bean with name 'dataSource' has been autodetected for JMX exposure
INFO  2018-10-16 19:38:34,382 [restartedMain] org.springframework.jmx.export.MBeanExporter.registerBeanInstance(MBeanExporter.java:671) - Located MBean 'dataSource': registering with JMX server as MBean [com.alibaba.druid.pool:name=dataSource,type=DruidDataSource]
INFO  2018-10-16 19:38:34,535 [restartedMain] org.springframework.boot.context.embedded.tomcat.TomcatEmbeddedServletContainer.start(TomcatEmbeddedServletContainer.java:192) - Tomcat started on port(s): 8080 (http)
INFO  2018-10-16 19:38:34,562 [restartedMain] org.springframework.boot.StartupInfoLogger.logStarted(StartupInfoLogger.java:57) - Started YangBlogApplication in 8.503 seconds (JVM running for 9.12)
INFO  2018-10-16 19:38:42,428 [http-nio-8080-exec-1] org.springframework.web.servlet.FrameworkServlet.initServletBean(FrameworkServlet.java:489) - FrameworkServlet 'dispatcherServlet': initialization started
INFO  2018-10-16 19:38:42,466 [http-nio-8080-exec-1] org.springframework.web.servlet.FrameworkServlet.initServletBean(FrameworkServlet.java:508) - FrameworkServlet 'dispatcherServlet': initialization completed in 37 ms
INFO  2018-10-16 19:38:42,504 [http-nio-8080-exec-1] com.yang.blog.website.interceptor.BaseInterceptor.preHandle(BaseInterceptor.java:50) - UserAgent: Mozilla/5.0 (Windows NT 10.0; Win64; x64; rv:56.0) Gecko/20100101 Firefox/56.0
INFO  2018-10-16 19:38:42,506 [http-nio-8080-exec-1] com.yang.blog.website.interceptor.BaseInterceptor.preHandle(BaseInterceptor.java:51) - 用户访问地址: /admin/index, 来路地址: 0:0:0:0:0:0:0:1
INFO  2018-10-16 19:38:43,171 [http-nio-8080-exec-1] com.yang.blog.website.controller.admin.IndexController.index(IndexController.java:55) - Enter admin index method
INFO  2018-10-16 19:38:43,320 [http-nio-8080-exec-1] com.yang.blog.website.controller.admin.IndexController.index(IndexController.java:66) - Exit admin index method
INFO  2018-10-16 19:38:43,359 [http-nio-8080-exec-1] org.thymeleaf.TemplateEngine.initialize(TemplateEngine.java:825) - [THYMELEAF] INITIALIZING TEMPLATE ENGINE
INFO  2018-10-16 19:38:43,434 [http-nio-8080-exec-1] org.thymeleaf.templateresolver.AbstractTemplateResolver.initialize(AbstractTemplateResolver.java:99) - [THYMELEAF] INITIALIZING TEMPLATE RESOLVER: org.thymeleaf.spring4.templateresolver.SpringResourceTemplateResolver
INFO  2018-10-16 19:38:43,434 [http-nio-8080-exec-1] org.thymeleaf.templateresolver.AbstractTemplateResolver.initialize(AbstractTemplateResolver.java:110) - [THYMELEAF] TEMPLATE RESOLVER INITIALIZED OK
INFO  2018-10-16 19:38:43,434 [http-nio-8080-exec-1] org.thymeleaf.messageresolver.AbstractMessageResolver.initialize(AbstractMessageResolver.java:72) - [THYMELEAF] INITIALIZING MESSAGE RESOLVER: org.thymeleaf.spring4.messageresolver.SpringMessageResolver
INFO  2018-10-16 19:38:43,434 [http-nio-8080-exec-1] org.thymeleaf.messageresolver.AbstractMessageResolver.initialize(AbstractMessageResolver.java:78) - [THYMELEAF] MESSAGE RESOLVER INITIALIZED OK
INFO  2018-10-16 19:38:43,439 [http-nio-8080-exec-1] org.thymeleaf.ConfigurationPrinterHelper.printConfiguration(ConfigurationPrinterHelper.java:123) - [THYMELEAF] TEMPLATE ENGINE CONFIGURATION:
[THYMELEAF] * Cache Factory implementation: org.thymeleaf.cache.StandardCacheManager
[THYMELEAF] * Template modes:
[THYMELEAF]     * XHTML
[THYMELEAF]     * XML
[THYMELEAF]     * VALIDXHTML
[THYMELEAF]     * VALIDXML
[THYMELEAF]     * LEGACYHTML5
[THYMELEAF]     * HTML5
[THYMELEAF] * Template resolvers (in order):
[THYMELEAF]     * org.thymeleaf.spring4.templateresolver.SpringResourceTemplateResolver
[THYMELEAF] * Message resolvers (in order):
[THYMELEAF]     * org.thymeleaf.spring4.messageresolver.SpringMessageResolver
[THYMELEAF] * Dialect [1 of 2]: org.thymeleaf.spring4.dialect.SpringStandardDialect
[THYMELEAF]     * Prefix: "th"
[THYMELEAF] * Dialect [2 of 2]: nz.net.ultraq.thymeleaf.LayoutDialect
[THYMELEAF]     * Prefix: "layout"
[THYMELEAF] TEMPLATE ENGINE CONFIGURED OK
INFO  2018-10-16 19:38:43,439 [http-nio-8080-exec-1] org.thymeleaf.TemplateEngine.initialize(TemplateEngine.java:838) - [THYMELEAF] TEMPLATE ENGINE INITIALIZED
INFO  2018-10-16 19:38:47,469 [http-nio-8080-exec-6] com.yang.blog.website.interceptor.BaseInterceptor.preHandle(BaseInterceptor.java:50) - UserAgent: Mozilla/5.0 (Windows NT 10.0; Win64; x64; rv:56.0) Gecko/20100101 Firefox/56.0
INFO  2018-10-16 19:38:47,470 [http-nio-8080-exec-6] com.yang.blog.website.interceptor.BaseInterceptor.preHandle(BaseInterceptor.java:51) - 用户访问地址: /admin/article/publish, 来路地址: 0:0:0:0:0:0:0:1
INFO  2018-10-16 19:38:48,929 [http-nio-8080-exec-1] com.yang.blog.website.interceptor.BaseInterceptor.preHandle(BaseInterceptor.java:50) - UserAgent: Mozilla/5.0 (Windows NT 10.0; Win64; x64; rv:56.0) Gecko/20100101 Firefox/56.0
INFO  2018-10-16 19:38:48,929 [http-nio-8080-exec-1] com.yang.blog.website.interceptor.BaseInterceptor.preHandle(BaseInterceptor.java:51) - 用户访问地址: /admin/article, 来路地址: 0:0:0:0:0:0:0:1
INFO  2018-10-16 19:38:50,341 [http-nio-8080-exec-10] com.yang.blog.website.interceptor.BaseInterceptor.preHandle(BaseInterceptor.java:50) - UserAgent: Mozilla/5.0 (Windows NT 10.0; Win64; x64; rv:56.0) Gecko/20100101 Firefox/56.0
INFO  2018-10-16 19:38:50,343 [http-nio-8080-exec-10] com.yang.blog.website.interceptor.BaseInterceptor.preHandle(BaseInterceptor.java:51) - 用户访问地址: /admin/article/publish, 来路地址: 0:0:0:0:0:0:0:1
INFO  2018-10-16 19:38:51,018 [http-nio-8080-exec-4] com.yang.blog.website.interceptor.BaseInterceptor.preHandle(BaseInterceptor.java:50) - UserAgent: Mozilla/5.0 (Windows NT 10.0; Win64; x64; rv:56.0) Gecko/20100101 Firefox/56.0
INFO  2018-10-16 19:38:51,018 [http-nio-8080-exec-4] com.yang.blog.website.interceptor.BaseInterceptor.preHandle(BaseInterceptor.java:51) - 用户访问地址: /admin/index, 来路地址: 0:0:0:0:0:0:0:1
INFO  2018-10-16 19:38:51,018 [http-nio-8080-exec-4] com.yang.blog.website.controller.admin.IndexController.index(IndexController.java:55) - Enter admin index method
INFO  2018-10-16 19:38:51,031 [http-nio-8080-exec-4] com.yang.blog.website.controller.admin.IndexController.index(IndexController.java:66) - Exit admin index method
INFO  2018-10-16 19:38:54,939 [http-nio-8080-exec-3] com.yang.blog.website.interceptor.BaseInterceptor.preHandle(BaseInterceptor.java:50) - UserAgent: Mozilla/5.0 (Windows NT 10.0; Win64; x64; rv:56.0) Gecko/20100101 Firefox/56.0
INFO  2018-10-16 19:38:54,940 [http-nio-8080-exec-3] com.yang.blog.website.interceptor.BaseInterceptor.preHandle(BaseInterceptor.java:51) - 用户访问地址: /admin, 来路地址: 0:0:0:0:0:0:0:1
INFO  2018-10-16 19:38:54,941 [http-nio-8080-exec-3] com.yang.blog.website.controller.admin.IndexController.index(IndexController.java:55) - Enter admin index method
INFO  2018-10-16 19:38:54,956 [http-nio-8080-exec-3] com.yang.blog.website.controller.admin.IndexController.index(IndexController.java:66) - Exit admin index method
INFO  2018-10-16 19:39:01,213 [http-nio-8080-exec-4] com.yang.blog.website.interceptor.BaseInterceptor.preHandle(BaseInterceptor.java:50) - UserAgent: Mozilla/5.0 (Windows NT 10.0; Win64; x64; rv:56.0) Gecko/20100101 Firefox/56.0
INFO  2018-10-16 19:39:01,213 [http-nio-8080-exec-4] com.yang.blog.website.interceptor.BaseInterceptor.preHandle(BaseInterceptor.java:51) - 用户访问地址: /, 来路地址: 0:0:0:0:0:0:0:1
INFO  2018-10-16 19:39:06,276 [http-nio-8080-exec-3] com.yang.blog.website.interceptor.BaseInterceptor.preHandle(BaseInterceptor.java:50) - UserAgent: Mozilla/5.0 (Windows NT 10.0; Win64; x64; rv:56.0) Gecko/20100101 Firefox/56.0
INFO  2018-10-16 19:39:06,277 [http-nio-8080-exec-3] com.yang.blog.website.interceptor.BaseInterceptor.preHandle(BaseInterceptor.java:51) - 用户访问地址: /admin/login, 来路地址: 0:0:0:0:0:0:0:1
INFO  2018-10-16 19:39:09,743 [http-nio-8080-exec-4] com.yang.blog.website.interceptor.BaseInterceptor.preHandle(BaseInterceptor.java:50) - UserAgent: Mozilla/5.0 (Windows NT 10.0; Win64; x64; rv:56.0) Gecko/20100101 Firefox/56.0
INFO  2018-10-16 19:39:09,743 [http-nio-8080-exec-4] com.yang.blog.website.interceptor.BaseInterceptor.preHandle(BaseInterceptor.java:51) - 用户访问地址: /admin/login, 来路地址: 0:0:0:0:0:0:0:1
INFO  2018-10-16 19:39:10,139 [http-nio-8080-exec-6] com.yang.blog.website.interceptor.BaseInterceptor.preHandle(BaseInterceptor.java:50) - UserAgent: Mozilla/5.0 (Windows NT 10.0; Win64; x64; rv:56.0) Gecko/20100101 Firefox/56.0
INFO  2018-10-16 19:39:10,140 [http-nio-8080-exec-6] com.yang.blog.website.interceptor.BaseInterceptor.preHandle(BaseInterceptor.java:51) - 用户访问地址: /admin/index, 来路地址: 0:0:0:0:0:0:0:1
INFO  2018-10-16 19:39:10,140 [http-nio-8080-exec-6] com.yang.blog.website.controller.admin.IndexController.index(IndexController.java:55) - Enter admin index method
INFO  2018-10-16 19:39:10,154 [http-nio-8080-exec-6] com.yang.blog.website.controller.admin.IndexController.index(IndexController.java:66) - Exit admin index method
INFO  2018-10-16 19:39:11,841 [http-nio-8080-exec-9] com.yang.blog.website.interceptor.BaseInterceptor.preHandle(BaseInterceptor.java:50) - UserAgent: Mozilla/5.0 (Windows NT 10.0; Win64; x64; rv:56.0) Gecko/20100101 Firefox/56.0
INFO  2018-10-16 19:39:11,842 [http-nio-8080-exec-9] com.yang.blog.website.interceptor.BaseInterceptor.preHandle(BaseInterceptor.java:51) - 用户访问地址: /admin/article/publish, 来路地址: 0:0:0:0:0:0:0:1
INFO  2018-10-16 19:39:12,940 [http-nio-8080-exec-8] com.yang.blog.website.interceptor.BaseInterceptor.preHandle(BaseInterceptor.java:50) - UserAgent: Mozilla/5.0 (Windows NT 10.0; Win64; x64; rv:56.0) Gecko/20100101 Firefox/56.0
INFO  2018-10-16 19:39:12,940 [http-nio-8080-exec-8] com.yang.blog.website.interceptor.BaseInterceptor.preHandle(BaseInterceptor.java:51) - 用户访问地址: /admin/article, 来路地址: 0:0:0:0:0:0:0:1
INFO  2018-10-16 19:39:13,809 [http-nio-8080-exec-1] com.yang.blog.website.interceptor.BaseInterceptor.preHandle(BaseInterceptor.java:50) - UserAgent: Mozilla/5.0 (Windows NT 10.0; Win64; x64; rv:56.0) Gecko/20100101 Firefox/56.0
INFO  2018-10-16 19:39:13,810 [http-nio-8080-exec-1] com.yang.blog.website.interceptor.BaseInterceptor.preHandle(BaseInterceptor.java:51) - 用户访问地址: /admin/article/publish, 来路地址: 0:0:0:0:0:0:0:1
INFO  2018-10-16 19:39:41,304 [http-nio-8080-exec-9] com.yang.blog.website.interceptor.BaseInterceptor.preHandle(BaseInterceptor.java:50) - UserAgent: Mozilla/5.0 (Windows NT 10.0; Win64; x64; rv:56.0) Gecko/20100101 Firefox/56.0
INFO  2018-10-16 19:39:41,304 [http-nio-8080-exec-9] com.yang.blog.website.interceptor.BaseInterceptor.preHandle(BaseInterceptor.java:51) - 用户访问地址: /admin/page, 来路地址: 0:0:0:0:0:0:0:1
INFO  2018-10-16 19:39:41,899 [http-nio-8080-exec-2] com.yang.blog.website.interceptor.BaseInterceptor.preHandle(BaseInterceptor.java:50) - UserAgent: Mozilla/5.0 (Windows NT 10.0; Win64; x64; rv:56.0) Gecko/20100101 Firefox/56.0
INFO  2018-10-16 19:39:41,900 [http-nio-8080-exec-2] com.yang.blog.website.interceptor.BaseInterceptor.preHandle(BaseInterceptor.java:51) - 用户访问地址: /admin/comments, 来路地址: 0:0:0:0:0:0:0:1
INFO  2018-10-16 19:39:42,414 [http-nio-8080-exec-9] com.yang.blog.website.interceptor.BaseInterceptor.preHandle(BaseInterceptor.java:50) - UserAgent: Mozilla/5.0 (Windows NT 10.0; Win64; x64; rv:56.0) Gecko/20100101 Firefox/56.0
INFO  2018-10-16 19:39:42,414 [http-nio-8080-exec-9] com.yang.blog.website.interceptor.BaseInterceptor.preHandle(BaseInterceptor.java:51) - 用户访问地址: /admin/category, 来路地址: 0:0:0:0:0:0:0:1
INFO  2018-10-16 19:39:42,924 [http-nio-8080-exec-2] com.yang.blog.website.interceptor.BaseInterceptor.preHandle(BaseInterceptor.java:50) - UserAgent: Mozilla/5.0 (Windows NT 10.0; Win64; x64; rv:56.0) Gecko/20100101 Firefox/56.0
INFO  2018-10-16 19:39:42,924 [http-nio-8080-exec-2] com.yang.blog.website.interceptor.BaseInterceptor.preHandle(BaseInterceptor.java:51) - 用户访问地址: /admin/attach, 来路地址: 0:0:0:0:0:0:0:1
INFO  2018-10-16 19:39:43,423 [http-nio-8080-exec-9] com.yang.blog.website.interceptor.BaseInterceptor.preHandle(BaseInterceptor.java:50) - UserAgent: Mozilla/5.0 (Windows NT 10.0; Win64; x64; rv:56.0) Gecko/20100101 Firefox/56.0
INFO  2018-10-16 19:39:43,423 [http-nio-8080-exec-9] com.yang.blog.website.interceptor.BaseInterceptor.preHandle(BaseInterceptor.java:51) - 用户访问地址: /admin/links, 来路地址: 0:0:0:0:0:0:0:1
INFO  2018-10-16 19:39:44,001 [http-nio-8080-exec-2] com.yang.blog.website.interceptor.BaseInterceptor.preHandle(BaseInterceptor.java:50) - UserAgent: Mozilla/5.0 (Windows NT 10.0; Win64; x64; rv:56.0) Gecko/20100101 Firefox/56.0
INFO  2018-10-16 19:39:44,001 [http-nio-8080-exec-2] com.yang.blog.website.interceptor.BaseInterceptor.preHandle(BaseInterceptor.java:51) - 用户访问地址: /admin/setting, 来路地址: 0:0:0:0:0:0:0:1
INFO  2018-10-16 19:39:44,594 [http-nio-8080-exec-4] com.yang.blog.website.interceptor.BaseInterceptor.preHandle(BaseInterceptor.java:50) - UserAgent: Mozilla/5.0 (Windows NT 10.0; Win64; x64; rv:56.0) Gecko/20100101 Firefox/56.0
INFO  2018-10-16 19:39:44,594 [http-nio-8080-exec-4] com.yang.blog.website.interceptor.BaseInterceptor.preHandle(BaseInterceptor.java:51) - 用户访问地址: /admin/article/publish, 来路地址: 0:0:0:0:0:0:0:1
INFO  2018-10-16 19:39:47,645 [http-nio-8080-exec-5] com.yang.blog.website.interceptor.BaseInterceptor.preHandle(BaseInterceptor.java:50) - UserAgent: Mozilla/5.0 (Windows NT 10.0; Win64; x64; rv:56.0) Gecko/20100101 Firefox/56.0
INFO  2018-10-16 19:39:47,646 [http-nio-8080-exec-5] com.yang.blog.website.interceptor.BaseInterceptor.preHandle(BaseInterceptor.java:51) - 用户访问地址: /admin/article/publish, 来路地址: 0:0:0:0:0:0:0:1
INFO  2018-10-16 19:39:48,092 [http-nio-8080-exec-1] com.yang.blog.website.interceptor.BaseInterceptor.preHandle(BaseInterceptor.java:50) - UserAgent: Mozilla/5.0 (Windows NT 10.0; Win64; x64; rv:56.0) Gecko/20100101 Firefox/56.0
INFO  2018-10-16 19:39:48,092 [http-nio-8080-exec-1] com.yang.blog.website.interceptor.BaseInterceptor.preHandle(BaseInterceptor.java:51) - 用户访问地址: /admin/index, 来路地址: 0:0:0:0:0:0:0:1
INFO  2018-10-16 19:39:48,093 [http-nio-8080-exec-1] com.yang.blog.website.controller.admin.IndexController.index(IndexController.java:55) - Enter admin index method
INFO  2018-10-16 19:39:48,104 [http-nio-8080-exec-1] com.yang.blog.website.controller.admin.IndexController.index(IndexController.java:66) - Exit admin index method
